# JRE version: Java(TM) SE Runtime Environment (8.0_181-b13) (build 1.8.0_181-b13)
# Java VM: Java HotSpot(TM) 64-Bit Server VM (25.181-b13 mixed mode windows-amd64 compressed oops)
Heap:
 PSYoungGen      total 46592K, used 28258K [0x00000000f5e00000, 0x00000000fb000000, 0x0000000100000000)
  eden space 12800K, 9% used [0x00000000f5e00000,0x00000000f5f3fe68,0x00000000f6a80000)
  from space 33792K, 79% used [0x00000000f8f00000,0x00000000fa958ba8,0x00000000fb000000)
  to   space 30208K, 0% used [0x00000000f6a80000,0x00000000f6a80000,0x00000000f8800000)
 ParOldGen       total 65024K, used 36189K [0x00000000e1a00000, 0x00000000e5980000, 0x00000000f5e00000)
  object space 65024K, 55% used [0x00000000e1a00000,0x00000000e3d577d8,0x00000000e5980000)
 Metaspace       used 18929K, capacity 19732K, committed 19968K, reserved 1067008K
  class space    used 2545K, capacity 2768K, committed 2816K, reserved 1048576K
GC Heap History (10 events):
Event: 67.527 GC heap before
{Heap before GC invocations=14 (full 1):
 PSYoungGen      total 33280K, used 30099K [0x00000000f5e00000, 0x00000000f9800000, 0x0000000100000000)
  eden space 13312K, 100% used [0x00000000f5e00000,0x00000000f6b00000,0x00000000f6b00000)
  from space 19968K, 84% used [0x00000000f8080000,0x00000000f90e4fc0,0x00000000f9400000)
  to   space 22016K, 0% used [0x00000000f6b00000,0x00000000f6b00000,0x00000000f8080000)
 ParOldGen       total 36352K, used 26681K [0x00000000e1a00000, 0x00000000e3d80000, 0x00000000f5e00000)
  object space 36352K, 73% used [0x00000000e1a00000,0x00000000e340e7c8,0x00000000e3d80000)
 Metaspace       used 18849K, capacity 19670K, committed 19968K, reserved 1067008K
  class space    used 2543K, capacity 2735K, committed 2816K, reserved 1048576K
Event: 67.610 GC heap after
Heap after GC invocations=14 (full 1):
 PSYoungGen      total 35328K, used 21670K [0x00000000f5e00000, 0x00000000fa100000, 0x0000000100000000)
  eden space 13312K, 0% used [0x00000000f5e00000,0x00000000f5e00000,0x00000000f6b00000)
  from space 22016K, 98% used [0x00000000f6b00000,0x00000000f80298e8,0x00000000f8080000)
  to   space 25600K, 0% used [0x00000000f8800000,0x00000000f8800000,0x00000000fa100000)
 ParOldGen       total 36352K, used 26689K [0x00000000e1a00000, 0x00000000e3d80000, 0x00000000f5e00000)
  object space 36352K, 73% used [0x00000000e1a00000,0x00000000e34107c8,0x00000000e3d80000)
 Metaspace       used 18849K, capacity 19670K, committed 19968K, reserved 1067008K
  class space    used 2543K, capacity 2735K, committed 2816K, reserved 1048576K
}
Event: 78.012 GC heap before
{Heap before GC invocations=15 (full 1):
 PSYoungGen      total 35328K, used 34982K [0x00000000f5e00000, 0x00000000fa100000, 0x0000000100000000)
  eden space 13312K, 100% used [0x00000000f5e00000,0x00000000f6b00000,0x00000000f6b00000)
  from space 22016K, 98% used [0x00000000f6b00000,0x00000000f80298e8,0x00000000f8080000)
  to   space 25600K, 0% used [0x00000000f8800000,0x00000000f8800000,0x00000000fa100000)
 ParOldGen       total 36352K, used 26689K [0x00000000e1a00000, 0x00000000e3d80000, 0x00000000f5e00000)
  object space 36352K, 73% used [0x00000000e1a00000,0x00000000e34107c8,0x00000000e3d80000)
 Metaspace       used 18895K, capacity 19670K, committed 19968K, reserved 1067008K
  class space    used 2543K, capacity 2735K, committed 2816K, reserved 1048576K
Event: 78.061 GC heap after
Heap after GC invocations=15 (full 1):
 PSYoungGen      total 38400K, used 25591K [0x00000000f5e00000, 0x00000000faa00000, 0x0000000100000000)
  eden space 12800K, 0% used [0x00000000f5e00000,0x00000000f5e00000,0x00000000f6a80000)
  from space 25600K, 99% used [0x00000000f8800000,0x00000000fa0fdfb0,0x00000000fa100000)
  to   space 30208K, 0% used [0x00000000f6a80000,0x00000000f6a80000,0x00000000f8800000)
 ParOldGen       total 36352K, used 27912K [0x00000000e1a00000, 0x00000000e3d80000, 0x00000000f5e00000)
  object space 36352K, 76% used [0x00000000e1a00000,0x00000000e35421c0,0x00000000e3d80000)
 Metaspace       used 18895K, capacity 19670K, committed 19968K, reserved 1067008K
  class space    used 2543K, capacity 2735K, committed 2816K, reserved 1048576K
}
Event: 85.722 GC heap before
{Heap before GC invocations=16 (full 1):
 PSYoungGen      total 38400K, used 38365K [0x00000000f5e00000, 0x00000000faa00000, 0x0000000100000000)
  eden space 12800K, 99% used [0x00000000f5e00000,0x00000000f6a79520,0x00000000f6a80000)
  from space 25600K, 99% used [0x00000000f8800000,0x00000000fa0fdfb0,0x00000000fa100000)
  to   space 30208K, 0% used [0x00000000f6a80000,0x00000000f6a80000,0x00000000f8800000)
 ParOldGen       total 36352K, used 27912K [0x00000000e1a00000, 0x00000000e3d80000, 0x00000000f5e00000)
  object space 36352K, 76% used [0x00000000e1a00000,0x00000000e35421c0,0x00000000e3d80000)
 Metaspace       used 18907K, capacity 19702K, committed 19968K, reserved 1067008K
  class space    used 2544K, capacity 2767K, committed 2816K, reserved 1048576K
Event: 85.760 GC heap after
Heap after GC invocations=16 (full 1):
 PSYoungGen      total 43008K, used 26480K [0x00000000f5e00000, 0x00000000fb000000, 0x0000000100000000)
  eden space 12800K, 0% used [0x00000000f5e00000,0x00000000f5e00000,0x00000000f6a80000)
  from space 30208K, 87% used [0x00000000f6a80000,0x00000000f845c2a8,0x00000000f8800000)
  to   space 33792K, 0% used [0x00000000f8f00000,0x00000000f8f00000,0x00000000fb000000)
 ParOldGen       total 36352K, used 32892K [0x00000000e1a00000, 0x00000000e3d80000, 0x00000000f5e00000)
  object space 36352K, 90% used [0x00000000e1a00000,0x00000000e3a1f390,0x00000000e3d80000)
 Metaspace       used 18907K, capacity 19702K, committed 19968K, reserved 1067008K
  class space    used 2544K, capacity 2767K, committed 2816K, reserved 1048576K
}
Event: 85.760 GC heap before
{Heap before GC invocations=17 (full 2):
 PSYoungGen      total 43008K, used 26480K [0x00000000f5e00000, 0x00000000fb000000, 0x0000000100000000)
  eden space 12800K, 0% used [0x00000000f5e00000,0x00000000f5e00000,0x00000000f6a80000)
  from space 30208K, 87% used [0x00000000f6a80000,0x00000000f845c2a8,0x00000000f8800000)
  to   space 33792K, 0% used [0x00000000f8f00000,0x00000000f8f00000,0x00000000fb000000)
 ParOldGen       total 36352K, used 32892K [0x00000000e1a00000, 0x00000000e3d80000, 0x00000000f5e00000)
  object space 36352K, 90% used [0x00000000e1a00000,0x00000000e3a1f390,0x00000000e3d80000)
 Metaspace       used 18907K, capacity 19702K, committed 19968K, reserved 1067008K
  class space    used 2544K, capacity 2767K, committed 2816K, reserved 1048576K
Event: 86.279 GC heap after
Heap after GC invocations=17 (full 2):
 PSYoungGen      total 43008K, used 21765K [0x00000000f5e00000, 0x00000000fb000000, 0x0000000100000000)
  eden space 12800K, 0% used [0x00000000f5e00000,0x00000000f5e00000,0x00000000f6a80000)
  from space 30208K, 72% used [0x00000000f6a80000,0x00000000f7fc1558,0x00000000f8800000)
  to   space 33792K, 0% used [0x00000000f8f00000,0x00000000f8f00000,0x00000000fb000000)
 ParOldGen       total 65024K, used 36189K [0x00000000e1a00000, 0x00000000e5980000, 0x00000000f5e00000)
  object space 65024K, 55% used [0x00000000e1a00000,0x00000000e3d577d8,0x00000000e5980000)
 Metaspace       used 18907K, capacity 19702K, committed 19968K, reserved 1067008K
  class space    used 2544K, capacity 2767K, committed 2816K, reserved 1048576K
}
Event: 99.287 GC heap before
{Heap before GC invocations=18 (full 2):
 PSYoungGen      total 43008K, used 34565K [0x00000000f5e00000, 0x00000000fb000000, 0x0000000100000000)
  eden space 12800K, 100% used [0x00000000f5e00000,0x00000000f6a80000,0x00000000f6a80000)
  from space 30208K, 72% used [0x00000000f6a80000,0x00000000f7fc1558,0x00000000f8800000)
  to   space 33792K, 0% used [0x00000000f8f00000,0x00000000f8f00000,0x00000000fb000000)
 ParOldGen       total 65024K, used 36189K [0x00000000e1a00000, 0x00000000e5980000, 0x00000000f5e00000)
  object space 65024K, 55% used [0x00000000e1a00000,0x00000000e3d577d8,0x00000000e5980000)
 Metaspace       used 18918K, capacity 19720K, committed 19968K, reserved 1067008K
  class space    used 2545K, capacity 2768K, committed 2816K, reserved 1048576K
Event: 99.318 GC heap after
Heap after GC invocations=18 (full 2):
 PSYoungGen      total 46592K, used 26978K [0x00000000f5e00000, 0x00000000fb000000, 0x0000000100000000)
  eden space 12800K, 0% used [0x00000000f5e00000,0x00000000f5e00000,0x00000000f6a80000)
  from space 33792K, 79% used [0x00000000f8f00000,0x00000000fa958ba8,0x00000000fb000000)
  to   space 30208K, 0% used [0x00000000f6a80000,0x00000000f6a80000,0x00000000f8800000)
 ParOldGen       total 65024K, used 36189K [0x00000000e1a00000, 0x00000000e5980000, 0x00000000f5e00000)
  object space 65024K, 55% used [0x00000000e1a00000,0x00000000e3d577d8,0x00000000e5980000)
 Metaspace       used 18918K, capacity 19720K, committed 19968K, reserved 1067008K
  class space    used 2545K, capacity 2768K, committed 2816K, reserved 1048576K
}

